<?xml version="1.0" encoding="UTF-8"?>
<!-- Generated by org.testng.reporters.JUnitReportReporter -->
<testsuite hostname="DESKTOP-FI8UJG3" failures="0" tests="1" name="testNG.DataProvider.LoginTest" time="4.814" errors="0" timestamp="2022-04-07T10:22:12 IST" skipped="0">
  <testcase classname="testNG.DataProvider.LoginTest" name="verifyProfileName" time="4.814"/>
  <system-out/>
</testsuite> <!-- testNG.DataProvider.LoginTest -->
