<?xml version="1.0" encoding="UTF-8"?>
<!-- Generated by org.testng.reporters.JUnitReportReporter -->
<testsuite hostname="DESKTOP-FI8UJG3" failures="0" tests="4" name="testNG.FailedTest" time="20.102" errors="0" timestamp="2022-03-31T16:22:13 IST" skipped="0">
  <testcase classname="testNG.FailedTest" name="Test1" time="5.027"/>
  <system-out>
    <![CDATA[Test1]]>
  </system-out>
  <testcase classname="testNG.FailedTest" name="Test3" time="5.017"/>
  <system-out>
    <![CDATA[Test3]]>
  </system-out>
  <testcase classname="testNG.FailedTest" name="Test5" time="5.035"/>
  <system-out>
    <![CDATA[Test5]]>
  </system-out>
  <testcase classname="testNG.FailedTest" name="Test4" time="5.023"/>
  <system-out>
    <![CDATA[Test4]]>
  </system-out>
</testsuite> <!-- testNG.FailedTest -->
