<?xml version="1.0" encoding="UTF-8"?>
<!-- Generated by org.testng.reporters.JUnitReportReporter -->
<testsuite hostname="DESKTOP-FI8UJG3" failures="0" tests="1" name="parameterization.LoginTest" time="7.581" errors="0" timestamp="2022-04-07T10:04:23 IST" skipped="0">
  <testcase classname="parameterization.LoginTest" name="verifyProfileName" time="7.581"/>
  <system-out/>
</testsuite> <!-- parameterization.LoginTest -->
