<?xml version="1.0" encoding="UTF-8"?>
<!-- Generated by org.testng.reporters.JUnitReportReporter -->
<testsuite hostname="DESKTOP-FI8UJG3" failures="0" tests="4" name="pomPageFactory_Annotations.KiteLoginTest" time="17.032" errors="0" timestamp="2022-04-04T11:30:35 IST" skipped="0">
  <testcase classname="pomPageFactory_Annotations.KiteLoginTest" name="verifyProfileName" time="3.838"/>
  <system-out>
    <![CDATA[User navigated to right page]]>
  </system-out>
  <testcase classname="pomPageFactory_Annotations.KiteLoginTest" name="verifyLogoutPageTitle" time="4.382"/>
  <system-out>
    <![CDATA[Correct User
Correct page title]]>
  </system-out>
  <testcase classname="pomPageFactory_Annotations.KiteLoginTest" name="verifyLogoutButtonStatus" time="5.004"/>
  <system-out>
    <![CDATA[Logout button is enabled]]>
  </system-out>
  <testcase classname="pomPageFactory_Annotations.KiteLoginTest" name="verifyProfileMenuEnabled" time="3.808"/>
  <system-out>
    <![CDATA[Profile Menu button is enabled]]>
  </system-out>
</testsuite> <!-- pomPageFactory_Annotations.KiteLoginTest -->
