<?xml version="1.0" encoding="UTF-8"?>
<!-- Generated by org.testng.reporters.JUnitReportReporter -->
<testsuite hostname="DESKTOP-FI8UJG3" failures="0" tests="5" name="testNG.TestNG_Enable" time="0.021" errors="0" timestamp="2022-03-31T15:25:55 IST" skipped="2">
  <testcase classname="testNG.TestNG_Enable" name="Test1" time="0.013"/>
  <system-out>
    <![CDATA[Test1]]>
  </system-out>
  <testcase classname="testNG.TestNG_Enable" name="Test5" time="0.002"/>
  <system-out>
    <![CDATA[Test5]]>
  </system-out>
  <testcase classname="testNG.TestNG_Enable" name="Test3" time="0.006"/>
  <system-out>
    <![CDATA[Test3]]>
  </system-out>
  <testcase classname="testNG.TestNG_Enable" name="Test2">
    <skipped/>
  </testcase> <!-- Test2 -->
  <system-out/>
  <testcase classname="testNG.TestNG_Enable" name="Test4">
    <skipped/>
  </testcase> <!-- Test4 -->
  <system-out/>
</testsuite> <!-- testNG.TestNG_Enable -->
