<?xml version="1.0" encoding="UTF-8"?>
<!-- Generated by org.testng.reporters.JUnitReportReporter -->
<testsuite hostname="DESKTOP-FI8UJG3" failures="0" tests="2" name="testNG.TestNG_TimeOut" time="10.035" errors="0" timestamp="2022-03-31T16:22:13 IST" skipped="0">
  <testcase classname="testNG.TestNG_TimeOut" name="Test5" time="5.019"/>
  <system-out>
    <![CDATA[Test5]]>
  </system-out>
  <testcase classname="testNG.TestNG_TimeOut" name="Test3" time="5.016"/>
  <system-out>
    <![CDATA[Test3]]>
  </system-out>
</testsuite> <!-- testNG.TestNG_TimeOut -->
