<?xml version="1.0" encoding="UTF-8"?>
<!-- Generated by org.testng.reporters.JUnitReportReporter -->
<testsuite hostname="DESKTOP-FI8UJG3" failures="0" tests="2" name="testNG.TestNG_Annotationns" time="0.012" errors="0" timestamp="2022-03-31T16:22:13 IST" skipped="0">
  <testcase classname="testNG.TestNG_Annotationns" name="TC1" time="0.008"/>
  <system-out>
    <![CDATA[TC1 passed]]>
  </system-out>
  <testcase classname="testNG.TestNG_Annotationns" name="TC2" time="0.004"/>
  <system-out>
    <![CDATA[TC2 passed]]>
  </system-out>
</testsuite> <!-- testNG.TestNG_Annotationns -->
