<?xml version="1.0" encoding="UTF-8"?>
<!-- Generated by org.testng.reporters.JUnitReportReporter -->
<testsuite hostname="DESKTOP-FI8UJG3" failures="0" tests="3" name="testNG.TestNG_Priority" time="0.009" errors="0" timestamp="2022-03-31T15:25:55 IST" skipped="0">
  <testcase classname="testNG.TestNG_Priority" name="CreateAccount" time="0.004"/>
  <system-out>
    <![CDATA[Create Account]]>
  </system-out>
  <testcase classname="testNG.TestNG_Priority" name="EditAccount" time="0.002"/>
  <system-out>
    <![CDATA[Edit Account]]>
  </system-out>
  <testcase classname="testNG.TestNG_Priority" name="DeleteAccount" time="0.003"/>
  <system-out>
    <![CDATA[Delete Account]]>
  </system-out>
</testsuite> <!-- testNG.TestNG_Priority -->
