<?xml version="1.0" encoding="UTF-8"?>
<!-- Generated by org.testng.reporters.JUnitReportReporter -->
<testsuite hostname="DESKTOP-FI8UJG3" failures="0" tests="1" name="browserTesting.Amazon" time="29.008" errors="0" timestamp="2022-04-04T11:29:23 IST" skipped="0">
  <testcase classname="browserTesting.Amazon" name="TC" time="29.008"/>
  <system-out/>
</testsuite> <!-- browserTesting.Amazon -->
