<?xml version="1.0" encoding="UTF-8"?>
<!-- Generated by org.testng.reporters.JUnitReportReporter -->
<testsuite hostname="DESKTOP-FI8UJG3" failures="0" tests="1" name="pomPageFactory_Annotations.KiteLoginTestAnnotations" time="4.731" errors="0" timestamp="2022-04-01T18:41:16 IST" skipped="0">
  <testcase classname="pomPageFactory_Annotations.KiteLoginTestAnnotations" name="verifyProfileName" time="4.731"/>
  <system-out>
    <![CDATA[User navigated to right page]]>
  </system-out>
</testsuite> <!-- pomPageFactory_Annotations.KiteLoginTestAnnotations -->
