<?xml version="1.0" encoding="UTF-8"?>
<!-- Generated by org.testng.reporters.JUnitReportReporter -->
<testsuite hostname="DESKTOP-FI8UJG3" failures="0" tests="3" name="testNG.TestNG_DependOn" time="0.015" errors="0" timestamp="2022-03-31T15:25:55 IST" skipped="0">
  <testcase classname="testNG.TestNG_DependOn" name="ComposeEmail" time="0.003"/>
  <system-out>
    <![CDATA[Email Compose]]>
  </system-out>
  <testcase classname="testNG.TestNG_DependOn" name="EmailLogin" time="0.008"/>
  <system-out>
    <![CDATA[Login into Account]]>
  </system-out>
  <testcase classname="testNG.TestNG_DependOn" name="LogoutAccount" time="0.004"/>
  <system-out>
    <![CDATA[Logout From Account]]>
  </system-out>
</testsuite> <!-- testNG.TestNG_DependOn -->
