<?xml version="1.0" encoding="UTF-8"?>
<!-- Generated by org.testng.reporters.JUnitReportReporter -->
<testsuite hostname="DESKTOP-FI8UJG3" failures="0" tests="12" name="testNG.TestNG_InvocationCount" time="0.036" errors="0" timestamp="2022-03-31T15:25:55 IST" skipped="0">
  <testcase classname="testNG.TestNG_InvocationCount" name="ComposeEmail" time="0.004"/>
  <system-out>
    <![CDATA[Email Compose]]>
  </system-out>
  <testcase classname="testNG.TestNG_InvocationCount" name="ComposeEmail" time="0.003"/>
  <system-out>
    <![CDATA[Email Compose]]>
  </system-out>
  <testcase classname="testNG.TestNG_InvocationCount" name="ComposeEmail" time="0.003"/>
  <system-out>
    <![CDATA[Email Compose]]>
  </system-out>
  <testcase classname="testNG.TestNG_InvocationCount" name="ComposeEmail" time="0.003"/>
  <system-out>
    <![CDATA[Email Compose]]>
  </system-out>
  <testcase classname="testNG.TestNG_InvocationCount" name="ComposeEmail" time="0.003"/>
  <system-out>
    <![CDATA[Email Compose]]>
  </system-out>
  <testcase classname="testNG.TestNG_InvocationCount" name="LogoutAccount" time="0.002"/>
  <system-out>
    <![CDATA[Logout From Account]]>
  </system-out>
  <testcase classname="testNG.TestNG_InvocationCount" name="ComposeEmail" time="0.003"/>
  <system-out>
    <![CDATA[Email Compose]]>
  </system-out>
  <testcase classname="testNG.TestNG_InvocationCount" name="ComposeEmail" time="0.001"/>
  <system-out>
    <![CDATA[Email Compose]]>
  </system-out>
  <testcase classname="testNG.TestNG_InvocationCount" name="EmailLogin" time="0.006"/>
  <system-out>
    <![CDATA[Login into Account]]>
  </system-out>
  <testcase classname="testNG.TestNG_InvocationCount" name="ComposeEmail" time="0.004"/>
  <system-out>
    <![CDATA[Email Compose]]>
  </system-out>
  <testcase classname="testNG.TestNG_InvocationCount" name="ComposeEmail" time="0.002"/>
  <system-out>
    <![CDATA[Email Compose]]>
  </system-out>
  <testcase classname="testNG.TestNG_InvocationCount" name="ComposeEmail" time="0.002"/>
  <system-out>
    <![CDATA[Email Compose]]>
  </system-out>
</testsuite> <!-- testNG.TestNG_InvocationCount -->
