<?xml version="1.0" encoding="UTF-8"?>
<!-- Generated by org.testng.reporters.JUnitReportReporter -->
<testsuite hostname="DESKTOP-FI8UJG3" failures="0" tests="4" name="pomDDFWithTestNGBaseClassUtilityClass.KiteLoginTest" time="20.151" errors="0" timestamp="2022-04-04T15:12:49 IST" skipped="0">
  <testcase classname="pomDDFWithTestNGBaseClassUtilityClass.KiteLoginTest" name="verifyLogoutButtonStatus" time="5.549"/>
  <system-out>
    <![CDATA[Logout button is enabled]]>
  </system-out>
  <testcase classname="pomDDFWithTestNGBaseClassUtilityClass.KiteLoginTest" name="verifyProfileMenuEnabled" time="4.367"/>
  <system-out>
    <![CDATA[Profile Menu button is enabled]]>
  </system-out>
  <testcase classname="pomDDFWithTestNGBaseClassUtilityClass.KiteLoginTest" name="verifyProfileName" time="4.307"/>
  <system-out>
    <![CDATA[User navigated to right page]]>
  </system-out>
  <testcase classname="pomDDFWithTestNGBaseClassUtilityClass.KiteLoginTest" name="verifyLogoutPageTitle" time="5.928"/>
  <system-out>
    <![CDATA[Correct User
Correct page title]]>
  </system-out>
</testsuite> <!-- pomDDFWithTestNGBaseClassUtilityClass.KiteLoginTest -->
