<?xml version="1.0" encoding="UTF-8"?>
<!-- Generated by org.testng.reporters.JUnitReportReporter -->
<testsuite hostname="DESKTOP-FI8UJG3" failures="0" tests="1" name="testNG.Parameter.LoginTest" time="4.167" errors="0" timestamp="2022-04-07T11:44:12 IST" skipped="0">
  <testcase classname="testNG.Parameter.LoginTest" name="verifyProfileName" time="4.167"/>
  <system-out/>
</testsuite> <!-- testNG.Parameter.LoginTest -->
