<?xml version="1.0" encoding="UTF-8"?>
<!-- Generated by org.testng.reporters.JUnitReportReporter -->
<testsuite hostname="DESKTOP-FI8UJG3" failures="0" tests="1" name="browserTesting.Google" time="9.498" errors="0" timestamp="2022-04-04T11:29:23 IST" skipped="0">
  <testcase classname="browserTesting.Google" name="TC" time="9.498"/>
  <system-out/>
</testsuite> <!-- browserTesting.Google -->
