<?xml version="1.0" encoding="UTF-8"?>
<!-- Generated by org.testng.reporters.JUnitReportReporter -->
<testsuite hostname="DESKTOP-FI8UJG3" failures="0" tests="3" name="pomDDFWithTestNGBaseUtilityScreenshot.KiteLoginTest" time="23.715" errors="0" timestamp="2022-04-04T21:11:19 IST" skipped="0">
  <testcase classname="pomDDFWithTestNGBaseUtilityScreenshot.KiteLoginTest" name="verifyLogoutButton" time="7.243"/>
  <system-out/>
  <testcase classname="pomDDFWithTestNGBaseUtilityScreenshot.KiteLoginTest" name="verifyProfileMenuButton" time="11.342"/>
  <system-out/>
  <testcase classname="pomDDFWithTestNGBaseUtilityScreenshot.KiteLoginTest" name="verifyProfileName" time="5.130"/>
  <system-out/>
</testsuite> <!-- pomDDFWithTestNGBaseUtilityScreenshot.KiteLoginTest -->
